0 info it worked if it ends with ok
1 verbose cli [ '/Users/tech_rui/.nvm/versions/node/v6.9.1/bin/node',
1 verbose cli   '/Users/tech_rui/.nvm/versions/node/v6.9.1/bin/npm',
1 verbose cli   'start' ]
2 info using npm@3.10.8
3 info using node@v6.9.1
4 verbose run-script [ 'prestart', 'start', 'poststart' ]
5 info lifecycle manateeweb@0.0.0~prestart: manateeweb@0.0.0
6 silly lifecycle manateeweb@0.0.0~prestart: no script for prestart, continuing
7 info lifecycle manateeweb@0.0.0~start: manateeweb@0.0.0
8 verbose lifecycle manateeweb@0.0.0~start: unsafe-perm in lifecycle true
9 verbose lifecycle manateeweb@0.0.0~start: PATH: /Users/tech_rui/.nvm/versions/node/v6.9.1/lib/node_modules/npm/bin/node-gyp-bin:/Users/tech_rui/Work/manatee/manateeweb/node_modules/.bin:/Users/tech_rui/.rvm/gems/ruby-2.3.0/bin:/Users/tech_rui/.rvm/gems/ruby-2.3.0@global/bin:/Users/tech_rui/.rvm/rubies/ruby-2.3.0/bin:/Library/Frameworks/Python.framework/Versions/3.5/bin:/Users/tech_rui/.nvm/versions/node/v6.9.1/bin:/usr/local/bin:/usr/bin:/bin:/usr/sbin:/sbin:/Library/Frameworks/Mono.framework/Versions/Current/Commands:/Users/tech_rui/.rvm/bin
10 verbose lifecycle manateeweb@0.0.0~start: CWD: /Users/tech_rui/Work/manatee/manateeweb
11 silly lifecycle manateeweb@0.0.0~start: Args: [ '-c', 'node ./bin/www' ]
12 silly lifecycle manateeweb@0.0.0~start: Returned: code: 1  signal: null
13 info lifecycle manateeweb@0.0.0~start: Failed to exec start script
14 verbose stack Error: manateeweb@0.0.0 start: `node ./bin/www`
14 verbose stack Exit status 1
14 verbose stack     at EventEmitter.<anonymous> (/Users/tech_rui/.nvm/versions/node/v6.9.1/lib/node_modules/npm/lib/utils/lifecycle.js:255:16)
14 verbose stack     at emitTwo (events.js:106:13)
14 verbose stack     at EventEmitter.emit (events.js:191:7)
14 verbose stack     at ChildProcess.<anonymous> (/Users/tech_rui/.nvm/versions/node/v6.9.1/lib/node_modules/npm/lib/utils/spawn.js:40:14)
14 verbose stack     at emitTwo (events.js:106:13)
14 verbose stack     at ChildProcess.emit (events.js:191:7)
14 verbose stack     at maybeClose (internal/child_process.js:877:16)
14 verbose stack     at Process.ChildProcess._handle.onexit (internal/child_process.js:226:5)
15 verbose pkgid manateeweb@0.0.0
16 verbose cwd /Users/tech_rui/Work/manatee/manateeweb
17 error Darwin 16.3.0
18 error argv "/Users/tech_rui/.nvm/versions/node/v6.9.1/bin/node" "/Users/tech_rui/.nvm/versions/node/v6.9.1/bin/npm" "start"
19 error node v6.9.1
20 error npm  v3.10.8
21 error code ELIFECYCLE
22 error manateeweb@0.0.0 start: `node ./bin/www`
22 error Exit status 1
23 error Failed at the manateeweb@0.0.0 start script 'node ./bin/www'.
23 error Make sure you have the latest version of node.js and npm installed.
23 error If you do, this is most likely a problem with the manateeweb package,
23 error not with npm itself.
23 error Tell the author that this fails on your system:
23 error     node ./bin/www
23 error You can get information on how to open an issue for this project with:
23 error     npm bugs manateeweb
23 error Or if that isn't available, you can get their info via:
23 error     npm owner ls manateeweb
23 error There is likely additional logging output above.
24 verbose exit [ 1, true ]
